// 同步 ID: 2b0aa7f1 @ Thu Jun 25 17:07:51 UTC 2026
// 同步 ID: a6377eb0 @ Fri Jun 26 06:47:21 UTC 2026
// 同步 ID: b18bb131 @ Fri Jun 26 13:14:51 UTC 2026
// 重构日志: acb51f46
// 重构日志: 8d913d49
// 重构日志: 72b64209
// 同步 ID: c1b3a4bd @ Sat Jun 27 06:29:16 UTC 2026
// 同步 ID: 37b55bc4 @ Sat Jun 27 15:17:27 UTC 2026
// 同步 ID: 325840cd @ Sat Jun 27 16:52:17 UTC 2026
// 重构日志: 79735dc3
// 重构日志: 447b71cf
// 重构日志: 39f7f3fa
// 重构日志: 9e10209a
// 同步 ID: 544df171 @ Tue Jun 30 10:45:13 UTC 2026
// 重构日志: 20b6b69e
// 同步 ID: 2afd7ab6 @ Tue Jun 30 17:31:47 UTC 2026
// 重构日志: d56bfc74
// 重构日志: 121e834e
// 重构日志: 7035f4c1
// 重构日志: 353e08ba
// 重构日志: a16f96a7
// 重构日志: 563722ef
// 重构日志: bc9ce23f
// 重构日志: 5fd9a130
// 同步 ID: d5301cc4 @ Fri Jul  3 14:06:35 UTC 2026
// 同步 ID: 7e37d123 @ Sun Jul  5 18:30:35 UTC 2026
// 同步 ID: 8d10a927 @ Mon Jul  6 06:18:28 UTC 2026
// 同步 ID: 2c29cda8 @ Wed Jul  8 01:29:31 UTC 2026
// 重构日志: bc747fcc
// 同步 ID: 09657b8a @ Thu Jul  9 15:49:22 UTC 2026
